c:\users\oh won jin\source\repos\project3\project3\debug\vc142.pdb
c:\users\oh won jin\source\repos\project3\project3\debug\vc142.idb
c:\users\oh won jin\source\repos\project3\project3\debug\test.obj
c:\users\oh won jin\source\repos\project3\project3\debug\slist.obj
c:\users\oh won jin\source\repos\project3\project3\debug\realtest.obj
c:\users\oh won jin\source\repos\project3\project3\debug\cache_algorithm_lru.obj
c:\users\oh won jin\source\repos\project3\project3\debug\final.obj
c:\users\oh won jin\source\repos\project3\project3\debug\fifo.obj
c:\users\oh won jin\source\repos\project3\project3\debug\exam.obj
c:\users\oh won jin\source\repos\project3\project3\debug\dlinkedlist.obj
c:\users\oh won jin\source\repos\project3\project3\debug\database.obj
c:\users\oh won jin\source\repos\project3\project3\debug\cache_algoritem_fifo.obj
c:\users\oh won jin\source\repos\project3\project3\debug\bubblesorting.obj
c:\users\oh won jin\source\repos\project3\debug\project3.pdb
c:\users\oh won jin\source\repos\project3\debug\project3.exe
c:\users\oh won jin\source\repos\project3\debug\project3.ilk
c:\users\oh won jin\source\repos\project3\project3\debug\project3.tlog\cl.command.1.tlog
c:\users\oh won jin\source\repos\project3\project3\debug\project3.tlog\cl.read.1.tlog
c:\users\oh won jin\source\repos\project3\project3\debug\project3.tlog\cl.write.1.tlog
c:\users\oh won jin\source\repos\project3\project3\debug\project3.tlog\link.command.1.tlog
c:\users\oh won jin\source\repos\project3\project3\debug\project3.tlog\link.read.1.tlog
c:\users\oh won jin\source\repos\project3\project3\debug\project3.tlog\link.write.1.tlog
